{"C:\\Users\\JCC\\OneDrive\\سطح المكتب\\Uni_Training\\Task5 - Admin CRUD\\DB\\models\\customer.model.js": {"path":"C:\\Users\\JCC\\OneDrive\\سطح المكتب\\Uni_Training\\Task5 - Admin CRUD\\DB\\models\\customer.model.js","statementMap":{"0":{"start":{"line":4,"column":19},"end":{"line":41,"column":2}},"1":{"start":{"line":18,"column":16},"end":{"line":18,"column":64}},"2":{"start":{"line":28,"column":16},"end":{"line":28,"column":46}},"3":{"start":{"line":43,"column":0},"end":{"line":46,"column":2}},"4":{"start":{"line":44,"column":18},"end":{"line":44,"column":93}},"5":{"start":{"line":45,"column":4},"end":{"line":45,"column":17}},"6":{"start":{"line":48,"column":29},"end":{"line":48,"column":57}}},"fnMap":{"0":{"name":"(anonymous_0)","decl":{"start":{"line":17,"column":22},"end":{"line":17,"column":23}},"loc":{"start":{"line":17,"column":37},"end":{"line":19,"column":13}},"line":17},"1":{"name":"(anonymous_1)","decl":{"start":{"line":27,"column":22},"end":{"line":27,"column":23}},"loc":{"start":{"line":27,"column":37},"end":{"line":29,"column":13}},"line":27},"2":{"name":"(anonymous_2)","decl":{"start":{"line":43,"column":39},"end":{"line":43,"column":40}},"loc":{"start":{"line":43,"column":50},"end":{"line":46,"column":1}},"line":43}},"branchMap":{},"s":{"0":1,"1":0,"2":0,"3":1,"4":1,"5":1,"6":1},"f":{"0":0,"1":0,"2":1},"b":{},"_coverageSchema":"1a1c01bbd47fc00a2c39e90264f33305004495a9","hash":"ad14095642d73e0cead56c579a6dad47b3d80c20"}
}
