{"C:\\Users\\JCC\\OneDrive\\سطح المكتب\\Uni_Training\\Task5 - Admin CRUD\\app.js": {"path":"C:\\Users\\JCC\\OneDrive\\سطح المكتب\\Uni_Training\\Task5 - Admin CRUD\\app.js","statementMap":{"0":{"start":{"line":4,"column":0},"end":{"line":4,"column":16}},"1":{"start":{"line":6,"column":12},"end":{"line":6,"column":23}},"2":{"start":{"line":7,"column":0},"end":{"line":7,"column":12}},"3":{"start":{"line":9,"column":13},"end":{"line":9,"column":37}},"4":{"start":{"line":10,"column":22},"end":{"line":10,"column":86}},"5":{"start":{"line":10,"column":42},"end":{"line":10,"column":85}}},"fnMap":{"0":{"name":"(anonymous_0)","decl":{"start":{"line":10,"column":38},"end":{"line":10,"column":39}},"loc":{"start":{"line":10,"column":42},"end":{"line":10,"column":85}},"line":10}},"branchMap":{"0":{"loc":{"start":{"line":9,"column":13},"end":{"line":9,"column":37}},"type":"binary-expr","locations":[{"start":{"line":9,"column":13},"end":{"line":9,"column":29}},{"start":{"line":9,"column":33},"end":{"line":9,"column":37}}],"line":9}},"s":{"0":1,"1":1,"2":1,"3":1,"4":1,"5":1},"f":{"0":1},"b":{"0":[1,0]},"_coverageSchema":"1a1c01bbd47fc00a2c39e90264f33305004495a9","hash":"ba26d9d888da3992d9f4f49e5f96055f0b37822e"}
,"C:\\Users\\JCC\\OneDrive\\سطح المكتب\\Uni_Training\\Task5 - Admin CRUD\\DB\\connection.js": {"path":"C:\\Users\\JCC\\OneDrive\\سطح المكتب\\Uni_Training\\Task5 - Admin CRUD\\DB\\connection.js","statementMap":{"0":{"start":{"line":3,"column":0},"end":{"line":3,"column":16}},"1":{"start":{"line":5,"column":25},"end":{"line":12,"column":1}},"2":{"start":{"line":6,"column":4},"end":{"line":11,"column":5}},"3":{"start":{"line":7,"column":8},"end":{"line":7,"column":56}},"4":{"start":{"line":8,"column":8},"end":{"line":8,"column":37}},"5":{"start":{"line":10,"column":8},"end":{"line":10,"column":55}}},"fnMap":{"0":{"name":"(anonymous_0)","decl":{"start":{"line":5,"column":25},"end":{"line":5,"column":26}},"loc":{"start":{"line":5,"column":34},"end":{"line":12,"column":1}},"line":5}},"branchMap":{},"s":{"0":1,"1":1,"2":1,"3":1,"4":1,"5":0},"f":{"0":1},"b":{},"_coverageSchema":"1a1c01bbd47fc00a2c39e90264f33305004495a9","hash":"700f27ed4ee0aa7a22f8e8192e8757658e1c48be"}
,"C:\\Users\\JCC\\OneDrive\\سطح المكتب\\Uni_Training\\Task5 - Admin CRUD\\DB\\models\\customer.model.js": {"path":"C:\\Users\\JCC\\OneDrive\\سطح المكتب\\Uni_Training\\Task5 - Admin CRUD\\DB\\models\\customer.model.js","statementMap":{"0":{"start":{"line":4,"column":19},"end":{"line":41,"column":2}},"1":{"start":{"line":18,"column":16},"end":{"line":18,"column":64}},"2":{"start":{"line":28,"column":16},"end":{"line":28,"column":46}},"3":{"start":{"line":43,"column":0},"end":{"line":46,"column":2}},"4":{"start":{"line":44,"column":18},"end":{"line":44,"column":93}},"5":{"start":{"line":45,"column":4},"end":{"line":45,"column":17}},"6":{"start":{"line":48,"column":29},"end":{"line":48,"column":57}}},"fnMap":{"0":{"name":"(anonymous_0)","decl":{"start":{"line":17,"column":22},"end":{"line":17,"column":23}},"loc":{"start":{"line":17,"column":37},"end":{"line":19,"column":13}},"line":17},"1":{"name":"(anonymous_1)","decl":{"start":{"line":27,"column":22},"end":{"line":27,"column":23}},"loc":{"start":{"line":27,"column":37},"end":{"line":29,"column":13}},"line":27},"2":{"name":"(anonymous_2)","decl":{"start":{"line":43,"column":39},"end":{"line":43,"column":40}},"loc":{"start":{"line":43,"column":50},"end":{"line":46,"column":1}},"line":43}},"branchMap":{},"s":{"0":3,"1":0,"2":0,"3":3,"4":2,"5":2,"6":3},"f":{"0":0,"1":0,"2":2},"b":{},"_coverageSchema":"1a1c01bbd47fc00a2c39e90264f33305004495a9","hash":"ad14095642d73e0cead56c579a6dad47b3d80c20"}
,"C:\\Users\\JCC\\OneDrive\\سطح المكتب\\Uni_Training\\Task5 - Admin CRUD\\controllers\\customer.controller.js": {"path":"C:\\Users\\JCC\\OneDrive\\سطح المكتب\\Uni_Training\\Task5 - Admin CRUD\\controllers\\customer.controller.js","statementMap":{"0":{"start":{"line":6,"column":31},"end":{"line":9,"column":1}},"1":{"start":{"line":7,"column":22},"end":{"line":7,"column":48}},"2":{"start":{"line":8,"column":4},"end":{"line":8,"column":62}},"3":{"start":{"line":11,"column":27},"end":{"line":17,"column":1}},"4":{"start":{"line":12,"column":17},"end":{"line":12,"column":27}},"5":{"start":{"line":13,"column":21},"end":{"line":13,"column":53}},"6":{"start":{"line":14,"column":4},"end":{"line":15,"column":48}},"7":{"start":{"line":15,"column":8},"end":{"line":15,"column":48}},"8":{"start":{"line":16,"column":4},"end":{"line":16,"column":62}},"9":{"start":{"line":19,"column":27},"end":{"line":28,"column":1}},"10":{"start":{"line":20,"column":19},"end":{"line":20,"column":70}},"11":{"start":{"line":21,"column":4},"end":{"line":21,"column":78}},"12":{"start":{"line":21,"column":17},"end":{"line":21,"column":78}},"13":{"start":{"line":23,"column":4},"end":{"line":23,"column":97}},"14":{"start":{"line":24,"column":4},"end":{"line":24,"column":26}},"15":{"start":{"line":26,"column":18},"end":{"line":26,"column":46}},"16":{"start":{"line":27,"column":4},"end":{"line":27,"column":66}},"17":{"start":{"line":30,"column":30},"end":{"line":38,"column":1}},"18":{"start":{"line":31,"column":17},"end":{"line":31,"column":27}},"19":{"start":{"line":33,"column":21},"end":{"line":34,"column":82}},"20":{"start":{"line":36,"column":4},"end":{"line":36,"column":58}},"21":{"start":{"line":36,"column":18},"end":{"line":36,"column":58}},"22":{"start":{"line":37,"column":4},"end":{"line":37,"column":63}},"23":{"start":{"line":40,"column":30},"end":{"line":45,"column":1}},"24":{"start":{"line":41,"column":17},"end":{"line":41,"column":27}},"25":{"start":{"line":42,"column":21},"end":{"line":42,"column":62}},"26":{"start":{"line":43,"column":4},"end":{"line":43,"column":58}},"27":{"start":{"line":43,"column":18},"end":{"line":43,"column":58}},"28":{"start":{"line":44,"column":4},"end":{"line":44,"column":55}}},"fnMap":{"0":{"name":"(anonymous_0)","decl":{"start":{"line":6,"column":31},"end":{"line":6,"column":32}},"loc":{"start":{"line":6,"column":47},"end":{"line":9,"column":1}},"line":6},"1":{"name":"(anonymous_1)","decl":{"start":{"line":11,"column":27},"end":{"line":11,"column":28}},"loc":{"start":{"line":11,"column":43},"end":{"line":17,"column":1}},"line":11},"2":{"name":"(anonymous_2)","decl":{"start":{"line":19,"column":27},"end":{"line":19,"column":28}},"loc":{"start":{"line":19,"column":43},"end":{"line":28,"column":1}},"line":19},"3":{"name":"(anonymous_3)","decl":{"start":{"line":30,"column":30},"end":{"line":30,"column":31}},"loc":{"start":{"line":30,"column":46},"end":{"line":38,"column":1}},"line":30},"4":{"name":"(anonymous_4)","decl":{"start":{"line":40,"column":30},"end":{"line":40,"column":31}},"loc":{"start":{"line":40,"column":46},"end":{"line":45,"column":1}},"line":40}},"branchMap":{"0":{"loc":{"start":{"line":14,"column":4},"end":{"line":15,"column":48}},"type":"if","locations":[{"start":{"line":14,"column":4},"end":{"line":15,"column":48}},{"start":{},"end":{}}],"line":14},"1":{"loc":{"start":{"line":21,"column":4},"end":{"line":21,"column":78}},"type":"if","locations":[{"start":{"line":21,"column":4},"end":{"line":21,"column":78}},{"start":{},"end":{}}],"line":21},"2":{"loc":{"start":{"line":36,"column":4},"end":{"line":36,"column":58}},"type":"if","locations":[{"start":{"line":36,"column":4},"end":{"line":36,"column":58}},{"start":{},"end":{}}],"line":36},"3":{"loc":{"start":{"line":43,"column":4},"end":{"line":43,"column":58}},"type":"if","locations":[{"start":{"line":43,"column":4},"end":{"line":43,"column":58}},{"start":{},"end":{}}],"line":43}},"s":{"0":1,"1":1,"2":1,"3":1,"4":0,"5":0,"6":0,"7":0,"8":0,"9":1,"10":0,"11":0,"12":0,"13":0,"14":0,"15":0,"16":0,"17":1,"18":0,"19":0,"20":0,"21":0,"22":0,"23":1,"24":0,"25":0,"26":0,"27":0,"28":0},"f":{"0":1,"1":0,"2":0,"3":0,"4":0},"b":{"0":[0,0],"1":[0,0],"2":[0,0],"3":[0,0]},"_coverageSchema":"1a1c01bbd47fc00a2c39e90264f33305004495a9","hash":"9031dd3698d7a37466d15f9a6a4c1079dc0b1aa4"}
,"C:\\Users\\JCC\\OneDrive\\سطح المكتب\\Uni_Training\\Task5 - Admin CRUD\\middleware\\async.js": {"path":"C:\\Users\\JCC\\OneDrive\\سطح المكتب\\Uni_Training\\Task5 - Admin CRUD\\middleware\\async.js","statementMap":{"0":{"start":{"line":3,"column":31},"end":{"line":11,"column":1}},"1":{"start":{"line":4,"column":4},"end":{"line":10,"column":5}},"2":{"start":{"line":5,"column":8},"end":{"line":9,"column":9}},"3":{"start":{"line":6,"column":12},"end":{"line":6,"column":35}},"4":{"start":{"line":8,"column":12},"end":{"line":8,"column":42}}},"fnMap":{"0":{"name":"(anonymous_0)","decl":{"start":{"line":3,"column":31},"end":{"line":3,"column":32}},"loc":{"start":{"line":3,"column":42},"end":{"line":11,"column":1}},"line":3},"1":{"name":"(anonymous_1)","decl":{"start":{"line":4,"column":11},"end":{"line":4,"column":12}},"loc":{"start":{"line":4,"column":32},"end":{"line":10,"column":5}},"line":4}},"branchMap":{},"s":{"0":1,"1":5,"2":1,"3":1,"4":0},"f":{"0":5,"1":1},"b":{},"_coverageSchema":"1a1c01bbd47fc00a2c39e90264f33305004495a9","hash":"d1adea631ee90465e2c219c034152748145382bc"}
,"C:\\Users\\JCC\\OneDrive\\سطح المكتب\\Uni_Training\\Task5 - Admin CRUD\\middleware\\auth.js": {"path":"C:\\Users\\JCC\\OneDrive\\سطح المكتب\\Uni_Training\\Task5 - Admin CRUD\\middleware\\auth.js","statementMap":{"0":{"start":{"line":4,"column":19},"end":{"line":15,"column":1}},"1":{"start":{"line":5,"column":4},"end":{"line":14,"column":5}},"2":{"start":{"line":6,"column":22},"end":{"line":6,"column":48}},"3":{"start":{"line":7,"column":8},"end":{"line":7,"column":82}},"4":{"start":{"line":7,"column":19},"end":{"line":7,"column":82}},"5":{"start":{"line":8,"column":24},"end":{"line":8,"column":72}},"6":{"start":{"line":9,"column":8},"end":{"line":9,"column":31}},"7":{"start":{"line":10,"column":8},"end":{"line":10,"column":15}},"8":{"start":{"line":13,"column":8},"end":{"line":13,"column":18}}},"fnMap":{"0":{"name":"(anonymous_0)","decl":{"start":{"line":4,"column":19},"end":{"line":4,"column":20}},"loc":{"start":{"line":4,"column":35},"end":{"line":15,"column":1}},"line":4}},"branchMap":{"0":{"loc":{"start":{"line":7,"column":8},"end":{"line":7,"column":82}},"type":"if","locations":[{"start":{"line":7,"column":8},"end":{"line":7,"column":82}},{"start":{},"end":{}}],"line":7}},"s":{"0":2,"1":1,"2":1,"3":1,"4":0,"5":1,"6":1,"7":1,"8":0},"f":{"0":1},"b":{"0":[0,1]},"_coverageSchema":"1a1c01bbd47fc00a2c39e90264f33305004495a9","hash":"e0c52d4af6e8deeee8f4a28ae7d45570e7bec5e5"}
,"C:\\Users\\JCC\\OneDrive\\سطح المكتب\\Uni_Training\\Task5 - Admin CRUD\\middleware\\handler.js": {"path":"C:\\Users\\JCC\\OneDrive\\سطح المكتب\\Uni_Training\\Task5 - Admin CRUD\\middleware\\handler.js","statementMap":{"0":{"start":{"line":4,"column":30},"end":{"line":7,"column":1}},"1":{"start":{"line":5,"column":4},"end":{"line":5,"column":56}},"2":{"start":{"line":5,"column":15},"end":{"line":5,"column":56}},"3":{"start":{"line":6,"column":4},"end":{"line":6,"column":74}},"4":{"start":{"line":9,"column":27},"end":{"line":24,"column":1}},"5":{"start":{"line":10,"column":21},"end":{"line":10,"column":24}},"6":{"start":{"line":11,"column":17},"end":{"line":11,"column":19}},"7":{"start":{"line":12,"column":4},"end":{"line":22,"column":46}},"8":{"start":{"line":13,"column":8},"end":{"line":13,"column":34}},"9":{"start":{"line":14,"column":8},"end":{"line":14,"column":36}},"10":{"start":{"line":15,"column":10},"end":{"line":22,"column":46}},"11":{"start":{"line":16,"column":8},"end":{"line":16,"column":61}},"12":{"start":{"line":16,"column":43},"end":{"line":16,"column":58}},"13":{"start":{"line":17,"column":8},"end":{"line":17,"column":25}},"14":{"start":{"line":18,"column":11},"end":{"line":22,"column":46}},"15":{"start":{"line":19,"column":8},"end":{"line":19,"column":85}},"16":{"start":{"line":19,"column":57},"end":{"line":19,"column":82}},"17":{"start":{"line":20,"column":8},"end":{"line":20,"column":25}},"18":{"start":{"line":22,"column":9},"end":{"line":22,"column":46}},"19":{"start":{"line":23,"column":4},"end":{"line":23,"column":70}}},"fnMap":{"0":{"name":"(anonymous_0)","decl":{"start":{"line":4,"column":30},"end":{"line":4,"column":31}},"loc":{"start":{"line":4,"column":67},"end":{"line":7,"column":1}},"line":4},"1":{"name":"(anonymous_1)","decl":{"start":{"line":9,"column":27},"end":{"line":9,"column":28}},"loc":{"start":{"line":9,"column":49},"end":{"line":24,"column":1}},"line":9},"2":{"name":"(anonymous_2)","decl":{"start":{"line":16,"column":31},"end":{"line":16,"column":32}},"loc":{"start":{"line":16,"column":43},"end":{"line":16,"column":58}},"line":16},"3":{"name":"(anonymous_3)","decl":{"start":{"line":19,"column":45},"end":{"line":19,"column":46}},"loc":{"start":{"line":19,"column":57},"end":{"line":19,"column":82}},"line":19}},"branchMap":{"0":{"loc":{"start":{"line":4,"column":52},"end":{"line":4,"column":62}},"type":"default-arg","locations":[{"start":{"line":4,"column":58},"end":{"line":4,"column":62}}],"line":4},"1":{"loc":{"start":{"line":5,"column":4},"end":{"line":5,"column":56}},"type":"if","locations":[{"start":{"line":5,"column":4},"end":{"line":5,"column":56}},{"start":{},"end":{}}],"line":5},"2":{"loc":{"start":{"line":12,"column":4},"end":{"line":22,"column":46}},"type":"if","locations":[{"start":{"line":12,"column":4},"end":{"line":22,"column":46}},{"start":{"line":15,"column":10},"end":{"line":22,"column":46}}],"line":12},"3":{"loc":{"start":{"line":15,"column":10},"end":{"line":22,"column":46}},"type":"if","locations":[{"start":{"line":15,"column":10},"end":{"line":22,"column":46}},{"start":{"line":18,"column":11},"end":{"line":22,"column":46}}],"line":15},"4":{"loc":{"start":{"line":18,"column":11},"end":{"line":22,"column":46}},"type":"if","locations":[{"start":{"line":18,"column":11},"end":{"line":22,"column":46}},{"start":{"line":22,"column":9},"end":{"line":22,"column":46}}],"line":18}},"s":{"0":1,"1":1,"2":1,"3":0,"4":1,"5":0,"6":0,"7":0,"8":0,"9":0,"10":0,"11":0,"12":0,"13":0,"14":0,"15":0,"16":0,"17":0,"18":0,"19":0},"f":{"0":1,"1":0,"2":0,"3":0},"b":{"0":[1],"1":[1,0],"2":[0,0],"3":[0,0],"4":[0,0]},"_coverageSchema":"1a1c01bbd47fc00a2c39e90264f33305004495a9","hash":"16866192153f50ae79b4d405463d59965e8ae211"}
,"C:\\Users\\JCC\\OneDrive\\سطح المكتب\\Uni_Training\\Task5 - Admin CRUD\\middleware\\validate.js": {"path":"C:\\Users\\JCC\\OneDrive\\سطح المكتب\\Uni_Training\\Task5 - Admin CRUD\\middleware\\validate.js","statementMap":{"0":{"start":{"line":1,"column":24},"end":{"line":10,"column":1}},"1":{"start":{"line":2,"column":4},"end":{"line":9,"column":5}},"2":{"start":{"line":3,"column":8},"end":{"line":8,"column":9}},"3":{"start":{"line":4,"column":12},"end":{"line":4,"column":70}},"4":{"start":{"line":5,"column":12},"end":{"line":5,"column":19}},"5":{"start":{"line":7,"column":12},"end":{"line":7,"column":22}}},"fnMap":{"0":{"name":"(anonymous_0)","decl":{"start":{"line":1,"column":24},"end":{"line":1,"column":25}},"loc":{"start":{"line":1,"column":38},"end":{"line":10,"column":1}},"line":1},"1":{"name":"(anonymous_1)","decl":{"start":{"line":2,"column":11},"end":{"line":2,"column":12}},"loc":{"start":{"line":2,"column":35},"end":{"line":9,"column":5}},"line":2}},"branchMap":{},"s":{"0":1,"1":2,"2":0,"3":0,"4":0,"5":0},"f":{"0":2,"1":0},"b":{},"_coverageSchema":"1a1c01bbd47fc00a2c39e90264f33305004495a9","hash":"86417a75c15a2b51509c081701666d84801ab65d"}
,"C:\\Users\\JCC\\OneDrive\\سطح المكتب\\Uni_Training\\Task5 - Admin CRUD\\middleware\\validateObjectId.js": {"path":"C:\\Users\\JCC\\OneDrive\\سطح المكتب\\Uni_Training\\Task5 - Admin CRUD\\middleware\\validateObjectId.js","statementMap":{"0":{"start":{"line":4,"column":32},"end":{"line":9,"column":1}},"1":{"start":{"line":5,"column":4},"end":{"line":7,"column":5}},"2":{"start":{"line":6,"column":8},"end":{"line":6,"column":57}},"3":{"start":{"line":8,"column":4},"end":{"line":8,"column":11}}},"fnMap":{"0":{"name":"(anonymous_0)","decl":{"start":{"line":4,"column":32},"end":{"line":4,"column":33}},"loc":{"start":{"line":4,"column":52},"end":{"line":9,"column":1}},"line":4}},"branchMap":{"0":{"loc":{"start":{"line":5,"column":4},"end":{"line":7,"column":5}},"type":"if","locations":[{"start":{"line":5,"column":4},"end":{"line":7,"column":5}},{"start":{},"end":{}}],"line":5}},"s":{"0":1,"1":0,"2":0,"3":0},"f":{"0":0},"b":{"0":[0,0]},"_coverageSchema":"1a1c01bbd47fc00a2c39e90264f33305004495a9","hash":"28f6f8c26bde1aa8711125b2d973df49a42d4c82"}
,"C:\\Users\\JCC\\OneDrive\\سطح المكتب\\Uni_Training\\Task5 - Admin CRUD\\routes\\customer.router.js": {"path":"C:\\Users\\JCC\\OneDrive\\سطح المكتب\\Uni_Training\\Task5 - Admin CRUD\\routes\\customer.router.js","statementMap":{"0":{"start":{"line":8,"column":15},"end":{"line":8,"column":31}},"1":{"start":{"line":10,"column":0},"end":{"line":10,"column":49}},"2":{"start":{"line":11,"column":0},"end":{"line":11,"column":65}},"3":{"start":{"line":12,"column":0},"end":{"line":12,"column":71}},"4":{"start":{"line":13,"column":0},"end":{"line":13,"column":100}},"5":{"start":{"line":14,"column":0},"end":{"line":14,"column":78}}},"fnMap":{},"branchMap":{},"s":{"0":1,"1":1,"2":1,"3":1,"4":1,"5":1},"f":{},"b":{},"_coverageSchema":"1a1c01bbd47fc00a2c39e90264f33305004495a9","hash":"4dcd67a35e680082b8f1d916af5a23518c5dc694"}
,"C:\\Users\\JCC\\OneDrive\\سطح المكتب\\Uni_Training\\Task5 - Admin CRUD\\routes\\index.router.js": {"path":"C:\\Users\\JCC\\OneDrive\\سطح المكتب\\Uni_Training\\Task5 - Admin CRUD\\routes\\index.router.js","statementMap":{"0":{"start":{"line":2,"column":15},"end":{"line":2,"column":31}},"1":{"start":{"line":4,"column":0},"end":{"line":10,"column":3}},"2":{"start":{"line":5,"column":22},"end":{"line":8,"column":5}},"3":{"start":{"line":9,"column":4},"end":{"line":9,"column":36}}},"fnMap":{"0":{"name":"(anonymous_0)","decl":{"start":{"line":4,"column":15},"end":{"line":4,"column":16}},"loc":{"start":{"line":4,"column":26},"end":{"line":10,"column":1}},"line":4}},"branchMap":{},"s":{"0":1,"1":1,"2":0,"3":0},"f":{"0":0},"b":{},"_coverageSchema":"1a1c01bbd47fc00a2c39e90264f33305004495a9","hash":"d38e6144e1ed89ba7a3a3a3acc218bb6c5f7f349"}
,"C:\\Users\\JCC\\OneDrive\\سطح المكتب\\Uni_Training\\Task5 - Admin CRUD\\utils\\createApp.js": {"path":"C:\\Users\\JCC\\OneDrive\\سطح المكتب\\Uni_Training\\Task5 - Admin CRUD\\utils\\createApp.js","statementMap":{"0":{"start":{"line":7,"column":25},"end":{"line":18,"column":1}},"1":{"start":{"line":8,"column":16},"end":{"line":8,"column":25}},"2":{"start":{"line":9,"column":4},"end":{"line":9,"column":20}},"3":{"start":{"line":10,"column":4},"end":{"line":10,"column":28}},"4":{"start":{"line":11,"column":4},"end":{"line":11,"column":24}},"5":{"start":{"line":12,"column":4},"end":{"line":12,"column":39}},"6":{"start":{"line":13,"column":4},"end":{"line":15,"column":7}},"7":{"start":{"line":14,"column":8},"end":{"line":14,"column":47}},"8":{"start":{"line":16,"column":4},"end":{"line":16,"column":25}},"9":{"start":{"line":17,"column":4},"end":{"line":17,"column":15}}},"fnMap":{"0":{"name":"(anonymous_0)","decl":{"start":{"line":7,"column":25},"end":{"line":7,"column":26}},"loc":{"start":{"line":7,"column":31},"end":{"line":18,"column":1}},"line":7},"1":{"name":"(anonymous_1)","decl":{"start":{"line":13,"column":17},"end":{"line":13,"column":18}},"loc":{"start":{"line":13,"column":31},"end":{"line":15,"column":5}},"line":13}},"branchMap":{},"s":{"0":1,"1":1,"2":1,"3":1,"4":1,"5":1,"6":1,"7":0,"8":1,"9":1},"f":{"0":1,"1":0},"b":{},"_coverageSchema":"1a1c01bbd47fc00a2c39e90264f33305004495a9","hash":"ebfb36dc2d8b38dd767b749775c32baee323f980"}
,"C:\\Users\\JCC\\OneDrive\\سطح المكتب\\Uni_Training\\Task5 - Admin CRUD\\utils\\customError.js": {"path":"C:\\Users\\JCC\\OneDrive\\سطح المكتب\\Uni_Training\\Task5 - Admin CRUD\\utils\\customError.js","statementMap":{"0":{"start":{"line":4,"column":8},"end":{"line":4,"column":23}},"1":{"start":{"line":5,"column":8},"end":{"line":5,"column":37}}},"fnMap":{"0":{"name":"(anonymous_0)","decl":{"start":{"line":2,"column":4},"end":{"line":2,"column":5}},"loc":{"start":{"line":3,"column":4},"end":{"line":6,"column":5}},"line":3}},"branchMap":{},"s":{"0":0,"1":0},"f":{"0":0},"b":{},"_coverageSchema":"1a1c01bbd47fc00a2c39e90264f33305004495a9","hash":"afd91c2495f7c91aa8bbe1c521923f147b641d4b"}
,"C:\\Users\\JCC\\OneDrive\\سطح المكتب\\Uni_Training\\Task5 - Admin CRUD\\utils\\validateCustomer.js": {"path":"C:\\Users\\JCC\\OneDrive\\سطح المكتب\\Uni_Training\\Task5 - Admin CRUD\\utils\\validateCustomer.js","statementMap":{"0":{"start":{"line":3,"column":30},"end":{"line":9,"column":12}}},"fnMap":{},"branchMap":{},"s":{"0":1},"f":{},"b":{},"_coverageSchema":"1a1c01bbd47fc00a2c39e90264f33305004495a9","hash":"9538140632523a0588e9a77b8df83ad7161356f5"}
}
